Added Component: Designator=C1_LINE1(C 0603)
Added Component: Designator=C1_LINE2(C 0603)
Added Component: Designator=C2_LINE1(1206-C)
Added Component: Designator=C2_LINE2(1206-C)
Added Component: Designator=C3_LINE1(1206-C)
Added Component: Designator=C3_LINE2(1206-C)
Added Component: Designator=C4_LINE1(1206-C)
Added Component: Designator=C4_LINE2(1206-C)
Added Component: Designator=C5_LINE1(1206-C)
Added Component: Designator=C5_LINE2(1206-C)
Added Component: Designator=C6_LINE1(1206-C)
Added Component: Designator=C6_LINE2(1206-C)
Added Component: Designator=C7_LINE1(1206-C)
Added Component: Designator=C7_LINE2(1206-C)
Added Component: Designator=C8_LINE1(C 0603)
Added Component: Designator=C8_LINE2(C 0603)
Added Component: Designator=C9_LINE1(C 0603)
Added Component: Designator=C9_LINE2(C 0603)
Added Component: Designator=C10_LINE1(1206-C)
Added Component: Designator=C10_LINE2(1206-C)
Added Component: Designator=D1_LINE1(SMC_L6.9-W5.9-LS7.9-RD)
Add component (AddParameter): Name = "Code_JEDEC"; Value = "DO-214-AA"; VariantName = "[No Variations]"
Add component (AddParameter): Name = "LatestRevisionDate"; Value = "17-Jul-2002"; VariantName = "[No Variations]"
Add component (AddParameter): Name = "LatestRevisionNote"; Value = "Re-released for DXP Platform."; VariantName = "[No Variations]"
Add component (AddParameter): Name = "PackageReference"; Value = "SMB"; VariantName = "[No Variations]"
Add component (AddParameter): Name = "Published"; Value = "8-Jun-2000"; VariantName = "[No Variations]"
Add component (AddParameter): Name = "Publisher"; Value = "Altium Limited"; VariantName = "[No Variations]"
Added Component: Designator=D1_LINE2(SMC_L6.9-W5.9-LS7.9-RD)
Add component (AddParameter): Name = "Code_JEDEC"; Value = "DO-214-AA"; VariantName = "[No Variations]"
Add component (AddParameter): Name = "LatestRevisionDate"; Value = "17-Jul-2002"; VariantName = "[No Variations]"
Add component (AddParameter): Name = "LatestRevisionNote"; Value = "Re-released for DXP Platform."; VariantName = "[No Variations]"
Add component (AddParameter): Name = "PackageReference"; Value = "SMB"; VariantName = "[No Variations]"
Add component (AddParameter): Name = "Published"; Value = "8-Jun-2000"; VariantName = "[No Variations]"
Add component (AddParameter): Name = "Publisher"; Value = "Altium Limited"; VariantName = "[No Variations]"
Added Component: Designator=L1_LINE1(L-CDRH74R)
Added Component: Designator=L1_LINE2(L-CDRH74R)
Added Component: Designator=P1(XT30-HF)
Add component (AddParameter): Name = "LatestRevisionDate"; Value = "17-Jul-2002"; VariantName = "[No Variations]"
Add component (AddParameter): Name = "LatestRevisionNote"; Value = "Re-released for DXP Platform."; VariantName = "[No Variations]"
Add component (AddParameter): Name = "Publisher"; Value = "Altium Limited"; VariantName = "[No Variations]"
Added Component: Designator=P2(XT30-HF)
Add component (AddParameter): Name = "LatestRevisionDate"; Value = "17-Jul-2002"; VariantName = "[No Variations]"
Add component (AddParameter): Name = "LatestRevisionNote"; Value = "Re-released for DXP Platform."; VariantName = "[No Variations]"
Add component (AddParameter): Name = "Publisher"; Value = "Altium Limited"; VariantName = "[No Variations]"
Added Component: Designator=P3(XT30-HF)
Add component (AddParameter): Name = "LatestRevisionDate"; Value = "17-Jul-2002"; VariantName = "[No Variations]"
Add component (AddParameter): Name = "LatestRevisionNote"; Value = "Re-released for DXP Platform."; VariantName = "[No Variations]"
Add component (AddParameter): Name = "Publisher"; Value = "Altium Limited"; VariantName = "[No Variations]"
Added Component: Designator=R1_LINE1(0603-R)
Added Component: Designator=R1_LINE2(0603-R)
Added Component: Designator=R2_LINE1(R 0603)
Added Component: Designator=R2_LINE2(R 0603)
Added Component: Designator=R3_LINE1(0603-R)
Added Component: Designator=R3_LINE2(0603-R)
Added Component: Designator=R4_LINE1(R 0603)
Added Component: Designator=R4_LINE2(R 0603)
Added Component: Designator=R5_LINE1(R 0603)
Added Component: Designator=R5_LINE2(R 0603)
Added Component: Designator=R7_LINE1(R 0603)
Added Component: Designator=R7_LINE2(R 0603)
Added Component: Designator=R9_LINE1(R 0603)
Added Component: Designator=R9_LINE2(R 0603)
Added Component: Designator=R10_LINE1(R 0603)
Added Component: Designator=R10_LINE2(R 0603)
Added Component: Designator=R11_LINE1(R 0603)
Added Component: Designator=R11_LINE2(R 0603)
Added Component: Designator=R12_LINE1(R 0603)
Added Component: Designator=R12_LINE2(R 0603)
Added Component: Designator=R13_LINE1(R 0603)
Added Component: Designator=R13_LINE2(R 0603)
Added Component: Designator=U1_LINE1(SOIC-8_L5.0-W4.0-P1.27-LS6.0-BL-EP)
Add component (AddParameter): Name = "BOM_LCSC Assembly"; Value = "Yes"; VariantName = "[No Variations]"
Add component (AddParameter): Name = "BOM_Manufacturer"; Value = "TI"; VariantName = "[No Variations]"
Add component (AddParameter): Name = "BOM_Manufacturer Part"; Value = "TPS79333DBVR"; VariantName = "[No Variations]"
Add component (AddParameter): Name = "BOM_Supplier"; Value = "LCSC"; VariantName = "[No Variations]"
Add component (AddParameter): Name = "BOM_Supplier Part"; Value = "C9840"; VariantName = "[No Variations]"
Add component (AddParameter): Name = "image"; Value = "//image.lceda.cn/szlcsc/C9840.jpg"; VariantName = "[No Variations]"
Add component (AddParameter): Name = "SMT Type"; Value = "Extend"; VariantName = "[No Variations]"
Add component (AddParameter): Name = "spicePre"; Value = "X"; VariantName = "[No Variations]"
Add component (AddParameter): Name = "spiceSymbolName"; Value = "TPS79333DBVR"; VariantName = "[No Variations]"
Added Component: Designator=U1_LINE2(SOIC-8_L5.0-W4.0-P1.27-LS6.0-BL-EP)
Add component (AddParameter): Name = "BOM_LCSC Assembly"; Value = "Yes"; VariantName = "[No Variations]"
Add component (AddParameter): Name = "BOM_Manufacturer"; Value = "TI"; VariantName = "[No Variations]"
Add component (AddParameter): Name = "BOM_Manufacturer Part"; Value = "TPS79333DBVR"; VariantName = "[No Variations]"
Add component (AddParameter): Name = "BOM_Supplier"; Value = "LCSC"; VariantName = "[No Variations]"
Add component (AddParameter): Name = "BOM_Supplier Part"; Value = "C9840"; VariantName = "[No Variations]"
Add component (AddParameter): Name = "image"; Value = "//image.lceda.cn/szlcsc/C9840.jpg"; VariantName = "[No Variations]"
Add component (AddParameter): Name = "SMT Type"; Value = "Extend"; VariantName = "[No Variations]"
Add component (AddParameter): Name = "spicePre"; Value = "X"; VariantName = "[No Variations]"
Add component (AddParameter): Name = "spiceSymbolName"; Value = "TPS79333DBVR"; VariantName = "[No Variations]"
Added Pin To Net: NetName=GND Pin=C2_LINE1-1
Added Pin To Net: NetName=GND Pin=C2_LINE2-1
Added Pin To Net: NetName=GND Pin=C3_LINE1-1
Added Pin To Net: NetName=GND Pin=C3_LINE2-1
Added Pin To Net: NetName=GND Pin=C4_LINE1-1
Added Pin To Net: NetName=GND Pin=C4_LINE2-1
Added Pin To Net: NetName=GND Pin=C5_LINE1-1
Added Pin To Net: NetName=GND Pin=C5_LINE2-1
Added Pin To Net: NetName=GND Pin=C6_LINE1-1
Added Pin To Net: NetName=GND Pin=C6_LINE2-1
Added Pin To Net: NetName=GND Pin=C7_LINE1-1
Added Pin To Net: NetName=GND Pin=C7_LINE2-1
Added Pin To Net: NetName=GND Pin=C9_LINE1-1
Added Pin To Net: NetName=GND Pin=C9_LINE2-1
Added Pin To Net: NetName=GND Pin=C10_LINE1-1
Added Pin To Net: NetName=GND Pin=C10_LINE2-1
Added Pin To Net: NetName=GND Pin=D1_LINE1-1
Added Pin To Net: NetName=GND Pin=D1_LINE2-1
Added Pin To Net: NetName=GND Pin=P1-2
Added Pin To Net: NetName=GND Pin=P2-2
Added Pin To Net: NetName=GND Pin=P3-2
Added Pin To Net: NetName=GND Pin=R3_LINE1-1
Added Pin To Net: NetName=GND Pin=R3_LINE2-1
Added Pin To Net: NetName=GND Pin=R4_LINE1-1
Added Pin To Net: NetName=GND Pin=R4_LINE2-1
Added Pin To Net: NetName=GND Pin=R5_LINE1-1
Added Pin To Net: NetName=GND Pin=R5_LINE2-1
Added Pin To Net: NetName=GND Pin=U1_LINE1-7
Added Pin To Net: NetName=GND Pin=U1_LINE2-7
Added Pin To Net: NetName=NetC1_LINE1_1 Pin=C1_LINE1-1
Added Pin To Net: NetName=NetC1_LINE1_1 Pin=D1_LINE1-2
Added Pin To Net: NetName=NetC1_LINE1_1 Pin=L1_LINE1-1
Added Pin To Net: NetName=NetC1_LINE1_1 Pin=U1_LINE1-8
Added Net: Name=NetC1_LINE1_1
Added Pin To Net: NetName=NetC1_LINE1_2 Pin=C1_LINE1-2
Added Pin To Net: NetName=NetC1_LINE1_2 Pin=U1_LINE1-1
Added Net: Name=NetC1_LINE1_2
Added Pin To Net: NetName=NetC1_LINE2_1 Pin=C1_LINE2-1
Added Pin To Net: NetName=NetC1_LINE2_1 Pin=D1_LINE2-2
Added Pin To Net: NetName=NetC1_LINE2_1 Pin=L1_LINE2-1
Added Pin To Net: NetName=NetC1_LINE2_1 Pin=U1_LINE2-8
Added Net: Name=NetC1_LINE2_1
Added Pin To Net: NetName=NetC1_LINE2_2 Pin=C1_LINE2-2
Added Pin To Net: NetName=NetC1_LINE2_2 Pin=U1_LINE2-1
Added Net: Name=NetC1_LINE2_2
Added Pin To Net: NetName=NetC2_LINE1_2 Pin=C2_LINE1-2
Added Pin To Net: NetName=NetC2_LINE1_2 Pin=C3_LINE1-2
Added Pin To Net: NetName=NetC2_LINE1_2 Pin=C4_LINE1-2
Added Pin To Net: NetName=NetC2_LINE1_2 Pin=L1_LINE1-2
Added Pin To Net: NetName=NetC2_LINE1_2 Pin=P2-1
Added Pin To Net: NetName=NetC2_LINE1_2 Pin=R1_LINE1-2
Added Net: Name=NetC2_LINE1_2
Added Pin To Net: NetName=NetC2_LINE2_2 Pin=C2_LINE2-2
Added Pin To Net: NetName=NetC2_LINE2_2 Pin=C3_LINE2-2
Added Pin To Net: NetName=NetC2_LINE2_2 Pin=C4_LINE2-2
Added Pin To Net: NetName=NetC2_LINE2_2 Pin=L1_LINE2-2
Added Pin To Net: NetName=NetC2_LINE2_2 Pin=P3-1
Added Pin To Net: NetName=NetC2_LINE2_2 Pin=R1_LINE2-2
Added Net: Name=NetC2_LINE2_2
Added Pin To Net: NetName=NetC5_LINE1_2 Pin=C5_LINE1-2
Added Pin To Net: NetName=NetC5_LINE1_2 Pin=C5_LINE2-2
Added Pin To Net: NetName=NetC5_LINE1_2 Pin=C6_LINE1-2
Added Pin To Net: NetName=NetC5_LINE1_2 Pin=C6_LINE2-2
Added Pin To Net: NetName=NetC5_LINE1_2 Pin=C7_LINE1-2
Added Pin To Net: NetName=NetC5_LINE1_2 Pin=C7_LINE2-2
Added Pin To Net: NetName=NetC5_LINE1_2 Pin=P1-1
Added Pin To Net: NetName=NetC5_LINE1_2 Pin=R2_LINE1-2
Added Pin To Net: NetName=NetC5_LINE1_2 Pin=R2_LINE2-2
Added Pin To Net: NetName=NetC5_LINE1_2 Pin=U1_LINE1-2
Added Pin To Net: NetName=NetC5_LINE1_2 Pin=U1_LINE2-2
Added Net: Name=NetC5_LINE1_2
Added Pin To Net: NetName=NetC8_LINE1_1 Pin=C8_LINE1-1
Added Pin To Net: NetName=NetC8_LINE1_1 Pin=R5_LINE1-2
Added Net: Name=NetC8_LINE1_1
Added Pin To Net: NetName=NetC8_LINE1_2 Pin=C8_LINE1-2
Added Pin To Net: NetName=NetC8_LINE1_2 Pin=C9_LINE1-2
Added Pin To Net: NetName=NetC8_LINE1_2 Pin=U1_LINE1-6
Added Net: Name=NetC8_LINE1_2
Added Pin To Net: NetName=NetC8_LINE2_1 Pin=C8_LINE2-1
Added Pin To Net: NetName=NetC8_LINE2_1 Pin=R5_LINE2-2
Added Net: Name=NetC8_LINE2_1
Added Pin To Net: NetName=NetC8_LINE2_2 Pin=C8_LINE2-2
Added Pin To Net: NetName=NetC8_LINE2_2 Pin=C9_LINE2-2
Added Pin To Net: NetName=NetC8_LINE2_2 Pin=U1_LINE2-6
Added Net: Name=NetC8_LINE2_2
Added Pin To Net: NetName=NetC10_LINE1_2 Pin=C10_LINE1-2
Added Pin To Net: NetName=NetC10_LINE1_2 Pin=U1_LINE1-4
Added Pin To Net: NetName=NetC10_LINE1_2 Pin=U1_LINE1-9
Added Net: Name=NetC10_LINE1_2
Added Pin To Net: NetName=NetC10_LINE2_2 Pin=C10_LINE2-2
Added Pin To Net: NetName=NetC10_LINE2_2 Pin=U1_LINE2-4
Added Pin To Net: NetName=NetC10_LINE2_2 Pin=U1_LINE2-9
Added Net: Name=NetC10_LINE2_2
Added Pin To Net: NetName=NetR1_LINE1_1 Pin=R1_LINE1-1
Added Pin To Net: NetName=NetR1_LINE1_1 Pin=R3_LINE1-2
Added Pin To Net: NetName=NetR1_LINE1_1 Pin=U1_LINE1-5
Added Net: Name=NetR1_LINE1_1
Added Pin To Net: NetName=NetR1_LINE2_1 Pin=R1_LINE2-1
Added Pin To Net: NetName=NetR1_LINE2_1 Pin=R3_LINE2-2
Added Pin To Net: NetName=NetR1_LINE2_1 Pin=U1_LINE2-5
Added Net: Name=NetR1_LINE2_1
Added Pin To Net: NetName=NetR2_LINE1_1 Pin=R2_LINE1-1
Added Pin To Net: NetName=NetR2_LINE1_1 Pin=R4_LINE1-2
Added Pin To Net: NetName=NetR2_LINE1_1 Pin=U1_LINE1-3
Added Net: Name=NetR2_LINE1_1
Added Pin To Net: NetName=NetR2_LINE2_1 Pin=R2_LINE2-1
Added Pin To Net: NetName=NetR2_LINE2_1 Pin=R4_LINE2-2
Added Pin To Net: NetName=NetR2_LINE2_1 Pin=U1_LINE2-3
Added Net: Name=NetR2_LINE2_1
Added Class: Name=LINE1
Added Class: Name=LINE2
Added Member To Class: ClassName=Top Member=Component P1 BATIN
Added Member To Class: ClassName=Top Member=Component P2 VOUT1
Added Member To Class: ClassName=Top Member=Component P3 VOUT2
Added Room: Name=LINE1
Added Room: Name=LINE2
Added Room: Name=Top
