Removed Pin From Net: NetName=NetC10_LINE1_2 Pin=U1_LINE1-9
Added Component: Designator=C1_LINE2(C 0603)
Added Component: Designator=C2_LINE2(1206-C)
Added Component: Designator=C3_LINE2(1206-C)
Added Component: Designator=C4_LINE2(1206-C)
Added Component: Designator=C5_LINE2(1206-C)
Added Component: Designator=C6_LINE2(1206-C)
Added Component: Designator=C7_LINE2(1206-C)
Added Component: Designator=C8_LINE2(C 0603)
Added Component: Designator=C9_LINE2(C 0603)
Added Component: Designator=C10_LINE2(1206-C)
Added Component: Designator=D1_LINE2(SMC_L6.9-W5.9-LS7.9-RD)
Add component (AddParameter): Name = "Code_JEDEC"; Value = "DO-214-AA"; VariantName = "[No Variations]"
Add component (AddParameter): Name = "LatestRevisionDate"; Value = "17-Jul-2002"; VariantName = "[No Variations]"
Add component (AddParameter): Name = "LatestRevisionNote"; Value = "Re-released for DXP Platform."; VariantName = "[No Variations]"
Add component (AddParameter): Name = "PackageReference"; Value = "SMB"; VariantName = "[No Variations]"
Add component (AddParameter): Name = "Published"; Value = "8-Jun-2000"; VariantName = "[No Variations]"
Add component (AddParameter): Name = "Publisher"; Value = "Altium Limited"; VariantName = "[No Variations]"
Added Component: Designator=L1_LINE2(L-CDRH74R)
Added Component: Designator=R1_LINE2(0603-R)
Added Component: Designator=R2_LINE2(R 0603)
Added Component: Designator=R3_LINE2(0603-R)
Added Component: Designator=R4_LINE2(R 0603)
Added Component: Designator=R5_LINE2(R 0603)
Added Component: Designator=R7_LINE2(R 0603)
Added Component: Designator=R9_LINE2(R 0603)
Added Component: Designator=R10_LINE2(R 0603)
Added Component: Designator=R11_LINE2(R 0603)
Added Component: Designator=R12_LINE2(R 0603)
Added Component: Designator=R13_LINE2(R 0603)
Added Component: Designator=U1_LINE2(SOIC-8_L5.0-W4.0-P1.27-LS6.0-BL-EP)
Add component (AddParameter): Name = "BOM_LCSC Assembly"; Value = "Yes"; VariantName = "[No Variations]"
Add component (AddParameter): Name = "BOM_Manufacturer"; Value = "TI"; VariantName = "[No Variations]"
Add component (AddParameter): Name = "BOM_Manufacturer Part"; Value = "TPS79333DBVR"; VariantName = "[No Variations]"
Add component (AddParameter): Name = "BOM_Supplier"; Value = "LCSC"; VariantName = "[No Variations]"
Add component (AddParameter): Name = "BOM_Supplier Part"; Value = "C9840"; VariantName = "[No Variations]"
Add component (AddParameter): Name = "image"; Value = "//image.lceda.cn/szlcsc/C9840.jpg"; VariantName = "[No Variations]"
Add component (AddParameter): Name = "SMT Type"; Value = "Extend"; VariantName = "[No Variations]"
Add component (AddParameter): Name = "spicePre"; Value = "X"; VariantName = "[No Variations]"
Add component (AddParameter): Name = "spiceSymbolName"; Value = "TPS79333DBVR"; VariantName = "[No Variations]"
Added Pin To Net: NetName=NetC1_LINE2_1 Pin=C1_LINE2-1
Added Pin To Net: NetName=NetC1_LINE2_2 Pin=C1_LINE2-2
Added Pin To Net: NetName=GND Pin=C2_LINE2-1
Added Pin To Net: NetName=NetC2_LINE2_2 Pin=C2_LINE2-2
Added Pin To Net: NetName=GND Pin=C3_LINE2-1
Added Pin To Net: NetName=NetC2_LINE2_2 Pin=C3_LINE2-2
Added Pin To Net: NetName=GND Pin=C4_LINE2-1
Added Pin To Net: NetName=NetC2_LINE2_2 Pin=C4_LINE2-2
Added Pin To Net: NetName=GND Pin=C5_LINE2-1
Added Pin To Net: NetName=NetC5_LINE1_2 Pin=C5_LINE2-2
Added Pin To Net: NetName=GND Pin=C6_LINE2-1
Added Pin To Net: NetName=NetC5_LINE1_2 Pin=C6_LINE2-2
Added Pin To Net: NetName=GND Pin=C7_LINE2-1
Added Pin To Net: NetName=NetC5_LINE1_2 Pin=C7_LINE2-2
Added Pin To Net: NetName=NetC8_LINE2_1 Pin=C8_LINE2-1
Added Pin To Net: NetName=NetC8_LINE2_2 Pin=C8_LINE2-2
Added Pin To Net: NetName=GND Pin=C9_LINE2-1
Added Pin To Net: NetName=NetC8_LINE2_2 Pin=C9_LINE2-2
Added Pin To Net: NetName=GND Pin=C10_LINE2-1
Added Pin To Net: NetName=NetC10_LINE2_2 Pin=C10_LINE2-2
Added Pin To Net: NetName=GND Pin=D1_LINE2-1
Added Pin To Net: NetName=NetC1_LINE2_1 Pin=D1_LINE2-2
Added Pin To Net: NetName=NetC1_LINE2_1 Pin=L1_LINE2-1
Added Pin To Net: NetName=NetC2_LINE2_2 Pin=L1_LINE2-2
Added Pin To Net: NetName=NetR1_LINE2_1 Pin=R1_LINE2-1
Added Pin To Net: NetName=NetC2_LINE2_2 Pin=R1_LINE2-2
Added Pin To Net: NetName=NetR2_LINE2_1 Pin=R2_LINE2-1
Added Pin To Net: NetName=NetC5_LINE1_2 Pin=R2_LINE2-2
Added Pin To Net: NetName=GND Pin=R3_LINE2-1
Added Pin To Net: NetName=NetR1_LINE2_1 Pin=R3_LINE2-2
Added Pin To Net: NetName=GND Pin=R4_LINE2-1
Added Pin To Net: NetName=NetR2_LINE2_1 Pin=R4_LINE2-2
Added Pin To Net: NetName=GND Pin=R5_LINE2-1
Added Pin To Net: NetName=NetC8_LINE2_1 Pin=R5_LINE2-2
Added Pin To Net: NetName=GND Pin=U1_LINE1-9
Added Pin To Net: NetName=NetC1_LINE2_2 Pin=U1_LINE2-1
Added Pin To Net: NetName=NetC5_LINE1_2 Pin=U1_LINE2-2
Added Pin To Net: NetName=NetR2_LINE2_1 Pin=U1_LINE2-3
Added Pin To Net: NetName=NetC10_LINE2_2 Pin=U1_LINE2-4
Added Pin To Net: NetName=NetR1_LINE2_1 Pin=U1_LINE2-5
Added Pin To Net: NetName=NetC8_LINE2_2 Pin=U1_LINE2-6
Added Pin To Net: NetName=GND Pin=U1_LINE2-7
Added Pin To Net: NetName=NetC1_LINE2_1 Pin=U1_LINE2-8
Added Pin To Net: NetName=GND Pin=U1_LINE2-9
Added Member To Class: ClassName=LINE2 Member=Component C1_LINE2 (C1) 100nF
Added Member To Class: ClassName=LINE2 Member=Component C2_LINE2 (C2) 22uF
Added Member To Class: ClassName=LINE2 Member=Component C3_LINE2 (C3) 22uF
Added Member To Class: ClassName=LINE2 Member=Component C4_LINE2 (C4) 22uF
Added Member To Class: ClassName=LINE2 Member=Component C5_LINE2 (C5) 10UF
Added Member To Class: ClassName=LINE2 Member=Component C6_LINE2 (C6) 10UF
Added Member To Class: ClassName=LINE2 Member=Component C7_LINE2 (C7) 10NF
Added Member To Class: ClassName=LINE2 Member=Component C8_LINE2 (C8) 2.2nf
Added Member To Class: ClassName=LINE2 Member=Component C9_LINE2 (C9) 22pf
Added Member To Class: ClassName=LINE2 Member=Component C10_LINE2 (C10) 10NF
Added Member To Class: ClassName=LINE2 Member=Component D1_LINE2 (D1) SS35
Added Member To Class: ClassName=LINE2 Member=Component L1_LINE2 (L1) 4.7uH
Added Member To Class: ClassName=LINE2 Member=Component R1_LINE2 (R1) 26.7k
Added Member To Class: ClassName=LINE2 Member=Component R2_LINE2 (R2) 4.7k
Added Member To Class: ClassName=LINE2 Member=Component R3_LINE2 (R3) 5.1k
Added Member To Class: ClassName=LINE2 Member=Component R4_LINE2 (R4) 1k
Added Member To Class: ClassName=LINE2 Member=Component R5_LINE2 (R5) 37.4k
Added Member To Class: ClassName=LINE2 Member=Component R7_LINE2 (R7) 4.7k
Added Member To Class: ClassName=LINE2 Member=Component R9_LINE2 (R9) 1k
Added Member To Class: ClassName=LINE2 Member=Component R10_LINE2 (R10) 34.7k
Added Member To Class: ClassName=LINE2 Member=Component R11_LINE2 (R11) 4.7k
Added Member To Class: ClassName=LINE2 Member=Component R12_LINE2 (R12) 1k
Added Member To Class: ClassName=LINE2 Member=Component R13_LINE2 (R13) 34.7k
Added Member To Class: ClassName=LINE2 Member=Component U1_LINE2 (U1) TPS54531DDAR
Added Room: Name=LINE2
