Added Net: Name=NetC1_LINE1_1
Added Net: Name=NetC1_LINE1_2
Added Net: Name=NetC1_LINE2_1
Added Net: Name=NetC1_LINE2_2
Added Net: Name=NetC2_LINE1_2
Added Net: Name=NetC2_LINE2_2
Added Net: Name=NetC5_LINE1_2
Added Net: Name=NetC8_LINE1_1
Added Net: Name=NetC8_LINE1_2
Added Net: Name=NetC8_LINE2_1
Added Net: Name=NetC8_LINE2_2
Added Net: Name=NetC10_LINE1_2
Added Net: Name=NetC10_LINE2_2
Added Net: Name=NetR1_LINE1_1
Added Net: Name=NetR1_LINE2_1
Added Net: Name=NetR2_LINE1_1
Added Net: Name=NetR2_LINE2_1
Added Class: Name=LINE1
Added Class: Name=LINE2
Added Class: Name=Top
Added Class: Name=Main
Added Room: Name=LINE1
Added Room: Name=LINE2
Added Room: Name=Top
